Arguments: 
  /usr/bin/node /mnt/c/Program Files/nodejs/node_modules/yarn/bin/yarn.js format

PATH: 
  /home/mazx/.local/bin:/home/mazx/.cargo/bin:/usr/local/sbin:/usr/local/bin:/usr/sbin:/usr/bin:/sbin:/bin:/usr/games:/usr/local/games:/usr/lib/wsl/lib:/mnt/c/Program Files/NVIDIA GPU Computing Toolkit/CUDA/v11.5/bin:/mnt/c/Program Files/NVIDIA GPU Computing Toolkit/CUDA/v11.5/libnvvp:/mnt/c/Program Files/Common Files/Oracle/Java/javapath:/mnt/c/Program Files (x86)/Common Files/Oracle/Java/javapath:/mnt/c/Program Files (x86)/VMware/VMware Workstation/bin/:/mnt/c/WINDOWS/system32:/mnt/c/WINDOWS:/mnt/c/WINDOWS/System32/Wbem:/mnt/c/WINDOWS/System32/WindowsPowerShell/v1.0/:/mnt/c/WINDOWS/System32/OpenSSH/:/mnt/c/Program Files/Git/cmd:/mnt/c/Program Files (x86)/Calibre2/:/mnt/c/Program Files/dotnet/:/mnt/c/Program Files (x86)/NVIDIA Corporation/PhysX/Common:/mnt/c/Users/desmo/AppData/Roaming/nvm:/mnt/c/Program Files/nodejs:/mnt/c/WINDOWS/system32:/mnt/c/WINDOWS:/mnt/c/WINDOWS/System32/Wbem:/mnt/c/WINDOWS/System32/WindowsPowerShell/v1.0/:/mnt/c/WINDOWS/System32/OpenSSH/:/mnt/c/Program Files/PostgreSQL/13/bin:/mnt/c/Program Files/NVIDIA Corporation/NVIDIA NvDLISR:/mnt/c/Program Files/NVIDIA Corporation/Nsight Compute 2021.3.1/:/mnt/c/Program Files/Go/bin:/mnt/c/Gradle/gradle-7.3.3/bin:/mnt/c/Users/desmo/AppData/Local/activestate/cache/bin:/mnt/c/Users/desmo/AppData/Local/ActiveState/StateTool/release:/mnt/c/Users/desmo/AppData/Local/Programs/Python/Python39/Scripts/:/mnt/c/Users/desmo/AppData/Local/Programs/Python/Python39/:/mnt/c/Users/desmo/AppData/Local/Microsoft/WindowsApps:/mnt/c/Users/desmo/AppData/Local/Programs/Microsoft VS Code/bin:/mnt/c/Program Files/heroku/bin:/mnt/c/Users/desmo/AppData/Roaming/nvm:/mnt/c/Program Files/nodejs:/mnt/c/Users/desmo/AppData/Local/Google/Cloud SDK/google-cloud-sdk/bin:/mnt/c/texlive/2021/bin/win32:/mnt/c/Program Files/NVIDIA GPU Computing Toolkit/CUDA/v11.0/bin:/mnt/c/Program Files/NVIDIA GPU Computing Toolkit/CUDA/v11.0/extras:/mnt/c/Program Files/NVIDIA GPU Computing Toolkit/CUDA/v11.0/include:/mnt/c/tools/cuda/bin:/mnt/c/Users/desmo/AppData/Local/GitHubDesktop/bin:/mnt/c/Users/desmo/go/bin:/mnt/c/Program Files/JetBrains/IntelliJ IDEA 2021.3.1/bin:/snap/bin

Yarn version: 
  1.22.17

Node version: 
  10.19.0

Platform: 
  linux x64

Trace: 
  SyntaxError: /mnt/c/Users/desmo/Desktop/system-design-primer/package.json: Unexpected token } in JSON at position 429
      at JSON.parse (<anonymous>)
      at /mnt/c/Users/desmo/AppData/Roaming/nvm/v16.5.0/node_modules/yarn/lib/cli.js:1625:59
      at Generator.next (<anonymous>)
      at step (/mnt/c/Users/desmo/AppData/Roaming/nvm/v16.5.0/node_modules/yarn/lib/cli.js:310:30)
      at /mnt/c/Users/desmo/AppData/Roaming/nvm/v16.5.0/node_modules/yarn/lib/cli.js:321:13

npm manifest: 
  {
    "name": "system-design-primer",
    "version": "1.0.0",
    "main": "index.js",
    "repository": "https://github.com/mazx4960/system-design-primer.git",
    "author": "",
    "license": "MIT",
    "scripts": {
      "init": "markbind init",
      "serve": "markbind serve",
      "build": "markbind build",
      "format": "split-md README.md \"## \" \" \" \"contents/\" && format-files.sh"
    },
    "dependencies": {
      "split-md": "^0.3.0",
    }
  }

yarn manifest: 
  No manifest

Lockfile: 
  # THIS IS AN AUTOGENERATED FILE. DO NOT EDIT THIS FILE DIRECTLY.
  # yarn lockfile v1
  
  
  "balanced-match@^1.0.0":
    "integrity" "sha512-3oSeUO0TMV67hN1AmbXsK4yaqU7tjiHlbxRDZOpH0KW9+CeX4bRAaX0Anxt0tx2MrpRpWwQaPwIlISEJhYU5Pw=="
    "resolved" "https://registry.npmjs.org/balanced-match/-/balanced-match-1.0.2.tgz"
    "version" "1.0.2"
  
  "brace-expansion@^1.1.7":
    "integrity" "sha512-iCuPHDFgrHX7H2vEI/5xpz07zSHB00TpugqhmYtVmMO6518mCuRMoOYFldEBl0g187ufozdaHgWKcYFb61qGiA=="
    "resolved" "https://registry.npmjs.org/brace-expansion/-/brace-expansion-1.1.11.tgz"
    "version" "1.1.11"
    dependencies:
      "balanced-match" "^1.0.0"
      "concat-map" "0.0.1"
  
  "cli@1.0.1":
    "integrity" "sha1-IoF1NPJL+klQw01TLUjsvGIbjBQ="
    "resolved" "https://registry.npmjs.org/cli/-/cli-1.0.1.tgz"
    "version" "1.0.1"
    dependencies:
      "exit" "0.1.2"
      "glob" "^7.1.1"
  
  "concat-map@0.0.1":
    "integrity" "sha1-2Klr13/Wjfd5OnMDajug1UBdR3s="
    "resolved" "https://registry.npmjs.org/concat-map/-/concat-map-0.0.1.tgz"
    "version" "0.0.1"
  
  "exit@0.1.2":
    "integrity" "sha1-BjJjj42HfMghB9MKD/8aF8uhzQw="
    "resolved" "https://registry.npmjs.org/exit/-/exit-0.1.2.tgz"
    "version" "0.1.2"
  
  "fs.realpath@^1.0.0":
    "integrity" "sha1-FQStJSMVjKpA20onh8sBQRmU6k8="
    "resolved" "https://registry.npmjs.org/fs.realpath/-/fs.realpath-1.0.0.tgz"
    "version" "1.0.0"
  
  "glob@^7.1.1":
    "integrity" "sha512-lmLf6gtyrPq8tTjSmrO94wBeQbFR3HbLHbuyD69wuyQkImp2hWqMGB47OX65FBkPffO641IP9jWa1z4ivqG26Q=="
    "resolved" "https://registry.npmjs.org/glob/-/glob-7.2.0.tgz"
    "version" "7.2.0"
    dependencies:
      "fs.realpath" "^1.0.0"
      "inflight" "^1.0.4"
      "inherits" "2"
      "minimatch" "^3.0.4"
      "once" "^1.3.0"
      "path-is-absolute" "^1.0.0"
  
  "inflight@^1.0.4":
    "integrity" "sha1-Sb1jMdfQLQwJvJEKEHW6gWW1bfk="
    "resolved" "https://registry.npmjs.org/inflight/-/inflight-1.0.6.tgz"
    "version" "1.0.6"
    dependencies:
      "once" "^1.3.0"
      "wrappy" "1"
  
  "inherits@2":
    "integrity" "sha512-k/vGaX4/Yla3WzyMCvTQOXYeIHvqOKtnqBduzTHpzpQZzAskKMhZ2K+EnBiSM9zGSoIFeMpXKxa4dYeZIQqewQ=="
    "resolved" "https://registry.npmjs.org/inherits/-/inherits-2.0.4.tgz"
    "version" "2.0.4"
  
  "minimatch@^3.0.4":
    "integrity" "sha512-J7p63hRiAjw1NDEww1W7i37+ByIrOWO5XQQAzZ3VOcL0PNybwpfmV/N05zFAzwQ9USyEcX6t3UO+K5aqBQOIHw=="
    "resolved" "https://registry.npmjs.org/minimatch/-/minimatch-3.1.2.tgz"
    "version" "3.1.2"
    dependencies:
      "brace-expansion" "^1.1.7"
  
  "once@^1.3.0":
    "integrity" "sha1-WDsap3WWHUsROsF9nFC6753Xa9E="
    "resolved" "https://registry.npmjs.org/once/-/once-1.4.0.tgz"
    "version" "1.4.0"
    dependencies:
      "wrappy" "1"
  
  "path-is-absolute@^1.0.0":
    "integrity" "sha1-F0uSaHNVNP+8es5r9TpanhtcX18="
    "resolved" "https://registry.npmjs.org/path-is-absolute/-/path-is-absolute-1.0.1.tgz"
    "version" "1.0.1"
  
  "split-md@^0.3.0":
    "integrity" "sha512-jRBJasLUBkAqxYf0s1poYwBkWlSetSLB5euBuLuH2JcgypCkpDOmDEWRL3XnaGHaOCrSq2XiQyy+EDSyBM2kkw=="
    "resolved" "https://registry.npmjs.org/split-md/-/split-md-0.3.0.tgz"
    "version" "0.3.0"
    dependencies:
      "cli" "1.0.1"
  
  "wrappy@1":
    "integrity" "sha1-tSQ9jz7BqjXxNkYFvA0QNuMKtp8="
    "resolved" "https://registry.npmjs.org/wrappy/-/wrappy-1.0.2.tgz"
    "version" "1.0.2"
  
  "yarn@^1.22.17":
    "integrity" "sha512-H0p241BXaH0UN9IeH//RT82tl5PfNraVpSpEoW+ET7lmopNC61eZ+A+IDvU8FM6Go5vx162SncDL8J1ZjRBriQ=="
    "resolved" "https://registry.npmjs.org/yarn/-/yarn-1.22.17.tgz"
    "version" "1.22.17"
